#
# There is insufficient memory for the Java Runtime Environment to continue.
# Native memory allocation (mmap) failed to map 188743680 bytes for committing reserved memory.
# Possible reasons:
#   The system is out of physical RAM or swap space
#   The process is running with CompressedOops enabled, and the Java Heap may be blocking the growth of the native heap
# Possible solutions:
#   Reduce memory load on the system
#   Increase physical memory or swap space
#   Check if swap backing store is full
#   Decrease Java heap size (-Xmx/-Xms)
#   Decrease number of Java threads
#   Decrease Java thread stack sizes (-Xss)
#   Set larger code cache with -XX:ReservedCodeCacheSize=
#   JVM is running with Unscaled Compressed Oops mode in which the Java heap is
#     placed in the first 4GB address space. The Java Heap base address is the
#     maximum limit for the native heap growth. Please use -XX:HeapBaseMinAddress
#     to set the Java Heap base and to place the Java Heap above 4GB virtual address.
# This output file may be truncated or incomplete.
#
#  Out of Memory Error (os_linux.cpp:2749), pid=8161, tid=0x00007f9c0596a700
#
# JRE version: Java(TM) SE Runtime Environment (8.0_201-b09) (build 1.8.0_201-b09)
# Java VM: Java HotSpot(TM) 64-Bit Server VM (25.201-b09 mixed mode linux-amd64 compressed oops)
# Failed to write core dump. Core dumps have been disabled. To enable core dumping, try "ulimit -c unlimited" before starting Java again
#

---------------  T H R E A D  ---------------

Current thread (0x00007f9c18081000):  VMThread [stack: 0x00007f9c0586b000,0x00007f9c0596b000] [id=8176]

Stack: [0x00007f9c0586b000,0x00007f9c0596b000],  sp=0x00007f9c059693c0,  free space=1016k
Native frames: (J=compiled Java code, j=interpreted, Vv=VM code, C=native code)
V  [libjvm.so+0xad3525]  VMError::report_and_die()+0x2e5
V  [libjvm.so+0x4e0457]  report_vm_out_of_memory(char const*, int, unsigned long, VMErrorType, char const*)+0x67
V  [libjvm.so+0x9102f0]  os::pd_commit_memory(char*, unsigned long, unsigned long, bool)+0x100
V  [libjvm.so+0x90791f]  os::commit_memory(char*, unsigned long, unsigned long, bool)+0x1f
V  [libjvm.so+0x98c806]  PSVirtualSpace::expand_by(unsigned long)+0x56
V  [libjvm.so+0x98da98]  PSYoungGen::resize(unsigned long, unsigned long)+0xd8
V  [libjvm.so+0x98a236]  PSScavenge::invoke_no_policy()+0x1376
V  [libjvm.so+0x982c59]  PSParallelCompact::invoke(bool)+0x49
V  [libjvm.so+0x45cb73]  CollectedHeap::collect_as_vm_thread(GCCause::Cause)+0x153
V  [libjvm.so+0xad45b1]  VM_CollectForMetadataAllocation::doit()+0x161
V  [libjvm.so+0xada296]  VM_Operation::evaluate()+0x46
V  [libjvm.so+0xad85cd]  VMThread::evaluate_operation(VM_Operation*) [clone .constprop.44]+0xcd
V  [libjvm.so+0xad8bb3]  VMThread::loop()+0x3a3
V  [libjvm.so+0xad8f88]  VMThread::run()+0x78
V  [libjvm.so+0x90d922]  java_start(Thread*)+0x102

VM_Operation (0x00007f9c1e5d9d50): CollectForMetadataAllocation, mode: safepoint, requested by thread 0x00007f9c18013000


---------------  P R O C E S S  ---------------

Java Threads: ( => current thread )
  0x00007f9c1973a000 JavaThread "HikariPool-1 housekeeper" daemon [_thread_blocked, id=8243, stack(0x00007f9bf40f4000,0x00007f9bf41f5000)]
  0x00007f9c196e9800 JavaThread "mysql-cj-abandoned-connection-cleanup" daemon [_thread_blocked, id=8239, stack(0x00007f9c04005000,0x00007f9c04106000)]
  0x00007f9c18862800 JavaThread "ReaderThread" [_thread_in_native, id=8190, stack(0x00007f9c04518000,0x00007f9c04619000)]
  0x00007f9c180db800 JavaThread "Service Thread" daemon [_thread_blocked, id=8184, stack(0x00007f9c04e85000,0x00007f9c04f86000)]
  0x00007f9c180c6800 JavaThread "C1 CompilerThread2" daemon [_thread_blocked, id=8183, stack(0x00007f9c04f87000,0x00007f9c05087000)]
  0x00007f9c180c4800 JavaThread "C2 CompilerThread1" daemon [_thread_blocked, id=8182, stack(0x00007f9c05088000,0x00007f9c05188000)]
  0x00007f9c180c1800 JavaThread "C2 CompilerThread0" daemon [_thread_blocked, id=8181, stack(0x00007f9c05189000,0x00007f9c05289000)]
  0x00007f9c180c0000 JavaThread "Signal Dispatcher" daemon [_thread_blocked, id=8180, stack(0x00007f9c05289000,0x00007f9c0538a000)]
  0x00007f9c1808d800 JavaThread "Finalizer" daemon [_thread_blocked, id=8178, stack(0x00007f9c05668000,0x00007f9c05769000)]
  0x00007f9c1808b000 JavaThread "Reference Handler" daemon [_thread_blocked, id=8177, stack(0x00007f9c05769000,0x00007f9c0586a000)]
  0x00007f9c18013000 JavaThread "main" [_thread_blocked, id=8170, stack(0x00007f9c1e4e1000,0x00007f9c1e5e1000)]

Other Threads:
=>0x00007f9c18081000 VMThread [stack: 0x00007f9c0586b000,0x00007f9c0596b000] [id=8176]
  0x00007f9c180de800 WatcherThread [stack: 0x00007f9c04d85000,0x00007f9c04e85000] [id=8185]

VM state:at safepoint (normal execution)

VM Mutex/Monitor currently owned by a thread:  ([mutex/lock_event])
[0x00007f9c1800f660] Threads_lock - owner thread: 0x00007f9c18081000
[0x00007f9c1800fb60] Heap_lock - owner thread: 0x00007f9c18013000

heap address: 0x0000000086c00000, size: 1940 MB, Compressed Oops mode: 32-bit
Narrow klass base: 0x0000000000000000, Narrow klass shift: 3
Compressed class space size: 1073741824 Address: 0x0000000100000000

Heap:
 PSYoungGen      total 318464K, used 13817K [0x00000000d7980000, 0x00000000ec000000, 0x0000000100000000)
  eden space 304640K, 0% used [0x00000000d7980000,0x00000000d7980000,0x00000000ea300000)
  from space 13824K, 99% used [0x00000000ea300000,0x00000000eb07e498,0x00000000eb080000)
  to   space 12288K, 0% used [0x00000000eb080000,0x00000000eb080000,0x00000000ebc80000)
 ParOldGen       total 56320K, used 29721K [0x0000000086c00000, 0x000000008a300000, 0x00000000d7980000)
  object space 56320K, 52% used [0x0000000086c00000,0x00000000889067d0,0x000000008a300000)
 Metaspace       used 57547K, capacity 59746K, committed 60080K, reserved 1101824K
  class space    used 7924K, capacity 8326K, committed 8448K, reserved 1048576K

Card table byte_map: [0x00007f9c07df2000,0x00007f9c081bd000] byte_map_base: 0x00007f9c079bc000

Marking Bits: (ParMarkBitMap*) 0x00007f9c1d990d80
 Begin Bits: [0x00007f9bfc360000, 0x00007f9bfe1b0000)
 End Bits:   [0x00007f9bfe1b0000, 0x00007f9c00000000)

Polling page: 0x00007f9c1e600000

CodeCache: size=245760Kb used=16965Kb max_used=17070Kb free=228794Kb
 bounds [0x00007f9c0857d000, 0x00007f9c096dd000, 0x00007f9c1757d000]
 total_blobs=4944 nmethods=4415 adapters=442
 compilation: enabled

Compilation events (10 events):
Event: 251.569 Thread 0x00007f9c180c6800 5221   !   3       com.sun.proxy.$Proxy54::annotationType (29 bytes)
Event: 251.569 Thread 0x00007f9c180c6800 nmethod 5221 0x00007f9c08f31bd0 code [0x00007f9c08f31d60, 0x00007f9c08f32178]
Event: 251.862 Thread 0x00007f9c180c6800 5226       3       org.springframework.asm.ClassReader::readCode (5085 bytes)
Event: 253.597 Thread 0x00007f9c180c6800 nmethod 5226 0x00007f9c096b2910 code [0x00007f9c096b3b00, 0x00007f9c096c1a98]
Event: 253.597 Thread 0x00007f9c180c6800 5227       3       org.springframework.core.MethodParameter::getNestedParameterType (122 bytes)
Event: 253.598 Thread 0x00007f9c180c6800 nmethod 5227 0x00007f9c08dbd990 code [0x00007f9c08dbdc20, 0x00007f9c08dbf008]
Event: 253.598 Thread 0x00007f9c180c6800 5225       3       org.springframework.asm.ClassReader::readShort (27 bytes)
Event: 253.598 Thread 0x00007f9c180c6800 nmethod 5225 0x00007f9c08c3f810 code [0x00007f9c08c3f980, 0x00007f9c08c3fb30]
Event: 254.744 Thread 0x00007f9c180c6800 5228       3       sun.misc.ProxyGenerator$ProxyMethod::codeWrapArgument (171 bytes)
Event: 254.749 Thread 0x00007f9c180c6800 nmethod 5228 0x00007f9c08f96dd0 code [0x00007f9c08f971e0, 0x00007f9c08f990a8]

GC Heap History (10 events):
Event: 46.475 GC heap after
Heap after GC invocations=10 (full 1):
 PSYoungGen      total 131584K, used 8687K [0x00000000d7980000, 0x00000000e4e00000, 0x0000000100000000)
  eden space 122880K, 0% used [0x00000000d7980000,0x00000000d7980000,0x00000000df180000)
  from space 8704K, 99% used [0x00000000df180000,0x00000000df9fbff8,0x00000000dfa00000)
  to   space 11264K, 0% used [0x00000000e4300000,0x00000000e4300000,0x00000000e4e00000)
 ParOldGen       total 39936K, used 8542K [0x0000000086c00000, 0x0000000089300000, 0x00000000d7980000)
  object space 39936K, 21% used [0x0000000086c00000,0x0000000087457958,0x0000000089300000)
 Metaspace       used 30271K, capacity 31718K, committed 32000K, reserved 1077248K
  class space    used 4012K, capacity 4314K, committed 4352K, reserved 1048576K
}
Event: 49.973 GC heap before
{Heap before GC invocations=11 (full 1):
 PSYoungGen      total 131584K, used 131567K [0x00000000d7980000, 0x00000000e4e00000, 0x0000000100000000)
  eden space 122880K, 100% used [0x00000000d7980000,0x00000000df180000,0x00000000df180000)
  from space 8704K, 99% used [0x00000000df180000,0x00000000df9fbff8,0x00000000dfa00000)
  to   space 11264K, 0% used [0x00000000e4300000,0x00000000e4300000,0x00000000e4e00000)
 ParOldGen       total 39936K, used 8542K [0x0000000086c00000, 0x0000000089300000, 0x00000000d7980000)
  object space 39936K, 21% used [0x0000000086c00000,0x0000000087457958,0x0000000089300000)
 Metaspace       used 31836K, capacity 33372K, committed 33536K, reserved 1079296K
  class space    used 4213K, capacity 4513K, committed 4608K, reserved 1048576K
Event: 49.980 GC heap after
Heap after GC invocations=11 (full 1):
 PSYoungGen      total 205312K, used 9147K [0x00000000d7980000, 0x00000000e4f80000, 0x0000000100000000)
  eden space 194048K, 0% used [0x00000000d7980000,0x00000000d7980000,0x00000000e3700000)
  from space 11264K, 81% used [0x00000000e4300000,0x00000000e4beef58,0x00000000e4e00000)
  to   space 12288K, 0% used [0x00000000e3700000,0x00000000e3700000,0x00000000e4300000)
 ParOldGen       total 39936K, used 8550K [0x0000000086c00000, 0x0000000089300000, 0x00000000d7980000)
  object space 39936K, 21% used [0x0000000086c00000,0x0000000087459958,0x0000000089300000)
 Metaspace       used 31836K, capacity 33372K, committed 33536K, reserved 1079296K
  class space    used 4213K, capacity 4513K, committed 4608K, reserved 1048576K
}
Event: 53.654 GC heap before
{Heap before GC invocations=12 (full 1):
 PSYoungGen      total 205312K, used 128734K [0x00000000d7980000, 0x00000000e4f80000, 0x0000000100000000)
  eden space 194048K, 61% used [0x00000000d7980000,0x00000000dee48a40,0x00000000e3700000)
  from space 11264K, 81% used [0x00000000e4300000,0x00000000e4beef58,0x00000000e4e00000)
  to   space 12288K, 0% used [0x00000000e3700000,0x00000000e3700000,0x00000000e4300000)
 ParOldGen       total 39936K, used 8550K [0x0000000086c00000, 0x0000000089300000, 0x00000000d7980000)
  object space 39936K, 21% used [0x0000000086c00000,0x0000000087459958,0x0000000089300000)
 Metaspace       used 34293K, capacity 35932K, committed 36048K, reserved 1081344K
  class space    used 4581K, capacity 4901K, committed 4992K, reserved 1048576K
Event: 53.665 GC heap after
Heap after GC invocations=12 (full 1):
 PSYoungGen      total 206336K, used 8298K [0x00000000d7980000, 0x00000000ebc80000, 0x0000000100000000)
  eden space 194048K, 0% used [0x00000000d7980000,0x00000000d7980000,0x00000000e3700000)
  from space 12288K, 67% used [0x00000000e3700000,0x00000000e3f1a8c0,0x00000000e4300000)
  to   space 12288K, 0% used [0x00000000eb080000,0x00000000eb080000,0x00000000ebc80000)
 ParOldGen       total 39936K, used 14136K [0x0000000086c00000, 0x0000000089300000, 0x00000000d7980000)
  object space 39936K, 35% used [0x0000000086c00000,0x00000000879ce188,0x0000000089300000)
 Metaspace       used 34293K, capacity 35932K, committed 36048K, reserved 1081344K
  class space    used 4581K, capacity 4901K, committed 4992K, reserved 1048576K
}
Event: 53.665 GC heap before
{Heap before GC invocations=13 (full 2):
 PSYoungGen      total 206336K, used 8298K [0x00000000d7980000, 0x00000000ebc80000, 0x0000000100000000)
  eden space 194048K, 0% used [0x00000000d7980000,0x00000000d7980000,0x00000000e3700000)
  from space 12288K, 67% used [0x00000000e3700000,0x00000000e3f1a8c0,0x00000000e4300000)
  to   space 12288K, 0% used [0x00000000eb080000,0x00000000eb080000,0x00000000ebc80000)
 ParOldGen       total 39936K, used 14136K [0x0000000086c00000, 0x0000000089300000, 0x00000000d7980000)
  object space 39936K, 35% used [0x0000000086c00000,0x00000000879ce188,0x0000000089300000)
 Metaspace       used 34293K, capacity 35932K, committed 36048K, reserved 1081344K
  class space    used 4581K, capacity 4901K, committed 4992K, reserved 1048576K
Event: 53.724 GC heap after
Heap after GC invocations=13 (full 2):
 PSYoungGen      total 206336K, used 0K [0x00000000d7980000, 0x00000000ebc80000, 0x0000000100000000)
  eden space 194048K, 0% used [0x00000000d7980000,0x00000000d7980000,0x00000000e3700000)
  from space 12288K, 0% used [0x00000000e3700000,0x00000000e3700000,0x00000000e4300000)
  to   space 12288K, 0% used [0x00000000eb080000,0x00000000eb080000,0x00000000ebc80000)
 ParOldGen       total 56320K, used 18314K [0x0000000086c00000, 0x000000008a300000, 0x00000000d7980000)
  object space 56320K, 32% used [0x0000000086c00000,0x0000000087de29d0,0x000000008a300000)
 Metaspace       used 34293K, capacity 35932K, committed 36048K, reserved 1081344K
  class space    used 4581K, capacity 4901K, committed 4992K, reserved 1048576K
}
Event: 57.032 GC heap before
{Heap before GC invocations=14 (full 2):
 PSYoungGen      total 206336K, used 194048K [0x00000000d7980000, 0x00000000ebc80000, 0x0000000100000000)
  eden space 194048K, 100% used [0x00000000d7980000,0x00000000e3700000,0x00000000e3700000)
  from space 12288K, 0% used [0x00000000e3700000,0x00000000e3700000,0x00000000e4300000)
  to   space 12288K, 0% used [0x00000000eb080000,0x00000000eb080000,0x00000000ebc80000)
 ParOldGen       total 56320K, used 18314K [0x0000000086c00000, 0x000000008a300000, 0x00000000d7980000)
  object space 56320K, 32% used [0x0000000086c00000,0x0000000087de29d0,0x000000008a300000)
 Metaspace       used 41829K, capacity 43872K, committed 44160K, reserved 1087488K
  class space    used 5520K, capacity 5917K, committed 6016K, reserved 1048576K
Event: 57.089 GC heap after
Heap after GC invocations=14 (full 2):
 PSYoungGen      total 316928K, used 11943K [0x00000000d7980000, 0x00000000ec000000, 0x0000000100000000)
  eden space 304640K, 0% used [0x00000000d7980000,0x00000000d7980000,0x00000000ea300000)
  from space 12288K, 97% used [0x00000000eb080000,0x00000000ebc29f18,0x00000000ebc80000)
  to   space 13824K, 0% used [0x00000000ea300000,0x00000000ea300000,0x00000000eb080000)
 ParOldGen       total 56320K, used 18322K [0x0000000086c00000, 0x000000008a300000, 0x00000000d7980000)
  object space 56320K, 32% used [0x0000000086c00000,0x0000000087de49d0,0x000000008a300000)
 Metaspace       used 41829K, capacity 43872K, committed 44160K, reserved 1087488K
  class space    used 5520K, capacity 5917K, committed 6016K, reserved 1048576K
}
Event: 257.055 GC heap before
{Heap before GC invocations=15 (full 2):
 PSYoungGen      total 316928K, used 179864K [0x00000000d7980000, 0x00000000ec000000, 0x0000000100000000)
  eden space 304640K, 55% used [0x00000000d7980000,0x00000000e1d7c1a8,0x00000000ea300000)
  from space 12288K, 97% used [0x00000000eb080000,0x00000000ebc29f18,0x00000000ebc80000)
  to   space 13824K, 0% used [0x00000000ea300000,0x00000000ea300000,0x00000000eb080000)
 ParOldGen       total 56320K, used 18322K [0x0000000086c00000, 0x000000008a300000, 0x00000000d7980000)
  object space 56320K, 32% used [0x0000000086c00000,0x0000000087de49d0,0x000000008a300000)
 Metaspace       used 57547K, capacity 59746K, committed 60080K, reserved 1101824K
  class space    used 7924K, capacity 8326K, committed 8448K, reserved 1048576K

Deoptimization events (10 events):
Event: 79.721 Thread 0x00007f9c18013000 Uncommon trap: reason=unstable_if action=reinterpret pc=0x00007f9c08ae1340 method=java.lang.ClassLoader.getClassLoadingLock(Ljava/lang/String;)Ljava/lang/Object; @ 6
Event: 87.121 Thread 0x00007f9c18013000 Uncommon trap: reason=unstable_if action=reinterpret pc=0x00007f9c09523664 method=java.lang.Integer.getChars(II[C)V @ 7
Event: 88.212 Thread 0x00007f9c18013000 Uncommon trap: reason=unstable_if action=reinterpret pc=0x00007f9c08f6f724 method=java.lang.String.valueOf(Ljava/lang/Object;)Ljava/lang/String; @ 1
Event: 90.305 Thread 0x00007f9c18013000 Uncommon trap: reason=null_check action=make_not_entrant pc=0x00007f9c093cb08c method=java.lang.Class.createAnnotationData(I)Ljava/lang/Class$AnnotationData; @ 14
Event: 92.032 Thread 0x00007f9c18013000 Uncommon trap: reason=unstable_if action=reinterpret pc=0x00007f9c086e0b94 method=java.lang.reflect.Method.invoke(Ljava/lang/Object;[Ljava/lang/Object;)Ljava/lang/Object; @ 18
Event: 92.032 Thread 0x00007f9c18013000 Uncommon trap: reason=predicate action=maybe_recompile pc=0x00007f9c089df5c4 method=java.lang.String.regionMatches(ZILjava/lang/String;II)Z @ 63
Event: 135.048 Thread 0x00007f9c18013000 Uncommon trap: reason=unstable_if action=reinterpret pc=0x00007f9c088d6a04 method=sun.reflect.Reflection.filter([Ljava/lang/reflect/Member;[Ljava/lang/String;)[Ljava/lang/reflect/Member; @ 1
Event: 237.903 Thread 0x00007f9c18013000 Uncommon trap: reason=null_check action=make_not_entrant pc=0x00007f9c08f21a2c method=org.springframework.core.annotation.AnnotatedElementUtils.searchWithFindSemantics(Ljava/lang/reflect/AnnotatedElement;Ljava/util/Set;Ljava/lang/String;Ljava/lang/Class;L
Event: 249.800 Thread 0x00007f9c18013000 Uncommon trap: reason=unstable_if action=reinterpret pc=0x00007f9c08ff50e8 method=java.lang.Class.privateGetMethodRecursive(Ljava/lang/String;[Ljava/lang/Class;ZLjava/lang/Class$MethodArray;)Ljava/lang/reflect/Method; @ 28
Event: 251.315 Thread 0x00007f9c18013000 Uncommon trap: reason=unstable_if action=reinterpret pc=0x00007f9c08f519ac method=java.lang.Class.privateGetMethodRecursive(Ljava/lang/String;[Ljava/lang/Class;ZLjava/lang/Class$MethodArray;)Ljava/lang/reflect/Method; @ 28

Classes redefined (0 events):
No events

Internal exceptions (10 events):
Event: 243.980 Thread 0x00007f9c18013000 Exception <a 'java/lang/ClassNotFoundException': org/springframework/beans/factory/InitializingBeanCustomizer> (0x00000000e129e618) thrown at [/HUDSON/workspace/8-2-build-linux-amd64/jdk8u201/12317/hotspot/src/share/vm/classfile/systemDictionary.cpp, line
Event: 247.869 Thread 0x00007f9c18013000 Exception <a 'java/lang/ClassNotFoundException': java/lang/ObjectCustomizer> (0x00000000e14206b0) thrown at [/HUDSON/workspace/8-2-build-linux-amd64/jdk8u201/12317/hotspot/src/share/vm/classfile/systemDictionary.cpp, line 210]
Event: 247.871 Thread 0x00007f9c18013000 Exception <a 'java/lang/ClassNotFoundException': org/springframework/data/repository/core/support/PropertiesBasedNamedQueriesCustomizer> (0x00000000e145e1c0) thrown at [/HUDSON/workspace/8-2-build-linux-amd64/jdk8u201/12317/hotspot/src/share/vm/classfile/
Event: 247.872 Thread 0x00007f9c18013000 Exception <a 'java/lang/ClassNotFoundException': org/springframework/data/repository/core/NamedQueriesCustomizer> (0x00000000e14900f8) thrown at [/HUDSON/workspace/8-2-build-linux-amd64/jdk8u201/12317/hotspot/src/share/vm/classfile/systemDictionary.cpp, l
Event: 248.237 Thread 0x00007f9c18013000 Exception <a 'java/lang/ClassNotFoundException': java/lang/ObjectCustomizer> (0x00000000e14fff38) thrown at [/HUDSON/workspace/8-2-build-linux-amd64/jdk8u201/12317/hotspot/src/share/vm/classfile/systemDictionary.cpp, line 210]
Event: 248.238 Thread 0x00007f9c18013000 Exception <a 'java/lang/ClassNotFoundException': org/springframework/data/repository/core/support/RepositoryFragmentsFactoryBeanCustomizer> (0x00000000e153efc8) thrown at [/HUDSON/workspace/8-2-build-linux-amd64/jdk8u201/12317/hotspot/src/share/vm/classfi
Event: 248.241 Thread 0x00007f9c18013000 Exception <a 'java/lang/ClassNotFoundException': org/springframework/beans/factory/FactoryBeanCustomizer> (0x00000000e15a3da8) thrown at [/HUDSON/workspace/8-2-build-linux-amd64/jdk8u201/12317/hotspot/src/share/vm/classfile/systemDictionary.cpp, line 210]
Event: 248.242 Thread 0x00007f9c18013000 Exception <a 'java/lang/ClassNotFoundException': org/springframework/beans/factory/BeanFactoryAwareCustomizer> (0x00000000e15d54a8) thrown at [/HUDSON/workspace/8-2-build-linux-amd64/jdk8u201/12317/hotspot/src/share/vm/classfile/systemDictionary.cpp, line
Event: 248.243 Thread 0x00007f9c18013000 Exception <a 'java/lang/ClassNotFoundException': org/springframework/beans/factory/AwareCustomizer> (0x00000000e15fe658) thrown at [/HUDSON/workspace/8-2-build-linux-amd64/jdk8u201/12317/hotspot/src/share/vm/classfile/systemDictionary.cpp, line 210]
Event: 248.244 Thread 0x00007f9c18013000 Exception <a 'java/lang/ClassNotFoundException': org/springframework/beans/factory/InitializingBeanCustomizer> (0x00000000e162bf58) thrown at [/HUDSON/workspace/8-2-build-linux-amd64/jdk8u201/12317/hotspot/src/share/vm/classfile/systemDictionary.cpp, line

Events (10 events):
Event: 252.245 loading class org/springframework/orm/jpa/SharedEntityManagerCreator$SharedEntityManagerInvocationHandler done
Event: 252.731 loading class javax/persistence/TransactionRequiredException
Event: 252.731 loading class javax/persistence/TransactionRequiredException done
Event: 253.152 loading class javax/persistence/LockModeType
Event: 253.152 loading class javax/persistence/LockModeType done
Event: 253.520 loading class javax/persistence/StoredProcedureQuery
Event: 253.520 loading class javax/persistence/StoredProcedureQuery done
Event: 254.738 loading class javax/persistence/EntityTransaction
Event: 254.738 loading class javax/persistence/EntityTransaction done
Event: 256.734 Executing VM operation: CollectForMetadataAllocation


Dynamic libraries:
00400000-00401000 r-xp 00000000 08:02 34734533                           /usr/lib/jvm/java-8-oracle/bin/java
00600000-00601000 r--p 00000000 08:02 34734533                           /usr/lib/jvm/java-8-oracle/bin/java
00601000-00602000 rw-p 00001000 08:02 34734533                           /usr/lib/jvm/java-8-oracle/bin/java
011ae000-011cf000 rw-p 00000000 00:00 0                                  [heap]
86c00000-8a300000 rw-p 00000000 00:00 0 
8a300000-d7980000 ---p 00000000 00:00 0 
d7980000-ec000000 rw-p 00000000 00:00 0 
f7400000-100000000 ---p 00000000 00:00 0 
100000000-100840000 rw-p 00000000 00:00 0 
100840000-140000000 ---p 00000000 00:00 0 
7f9bb0000000-7f9bb0021000 rw-p 00000000 00:00 0 
7f9bb0021000-7f9bb4000000 ---p 00000000 00:00 0 
7f9bb8000000-7f9bb8021000 rw-p 00000000 00:00 0 
7f9bb8021000-7f9bbc000000 ---p 00000000 00:00 0 
7f9bbe2e5000-7f9bbe351000 rw-p 00000000 00:00 0 
7f9bbe351000-7f9bbe4e5000 ---p 00000000 00:00 0 
7f9bbe4e5000-7f9bbe6e5000 rw-p 00000000 00:00 0 
7f9bbe6e5000-7f9bbe8e5000 rw-p 00000000 00:00 0 
7f9bbe8e5000-7f9bbeae5000 rw-p 00000000 00:00 0 
7f9bbeae5000-7f9bbece5000 rw-p 00000000 00:00 0 
7f9bbece5000-7f9bbeee5000 rw-p 00000000 00:00 0 
7f9bbeee5000-7f9bbeee8000 ---p 00000000 00:00 0 
7f9bbeee8000-7f9bbf1e6000 rw-p 00000000 00:00 0 
7f9bbf1e6000-7f9bbf3e6000 rw-p 00000000 00:00 0 
7f9bbf3e6000-7f9bbf5e6000 rw-p 00000000 00:00 0 
7f9bbf5e6000-7f9bbf7e6000 rw-p 00000000 00:00 0 
7f9bbf7e6000-7f9bbf9e6000 rw-p 00000000 00:00 0 
7f9bbf9e6000-7f9bbfbe6000 rw-p 00000000 00:00 0 
7f9bbfbe6000-7f9bbfde6000 rw-p 00000000 00:00 0 
7f9bbfe00000-7f9bc0000000 rw-p 00000000 00:00 0 
7f9bc0000000-7f9bc0021000 rw-p 00000000 00:00 0 
7f9bc0021000-7f9bc4000000 ---p 00000000 00:00 0 
7f9bc4000000-7f9bc4489000 rw-p 00000000 00:00 0 
7f9bc4489000-7f9bc8000000 ---p 00000000 00:00 0 
7f9bc8000000-7f9bc8021000 rw-p 00000000 00:00 0 
7f9bc8021000-7f9bcc000000 ---p 00000000 00:00 0 
7f9bcc000000-7f9bcc021000 rw-p 00000000 00:00 0 
7f9bcc021000-7f9bd0000000 ---p 00000000 00:00 0 
7f9bd0000000-7f9bd1d2b000 rw-p 00000000 00:00 0 
7f9bd1d2b000-7f9bd4000000 ---p 00000000 00:00 0 
7f9bd4000000-7f9bd4f1f000 rw-p 00000000 00:00 0 
7f9bd4f1f000-7f9bd8000000 ---p 00000000 00:00 0 
7f9bd8000000-7f9bd8021000 rw-p 00000000 00:00 0 
7f9bd8021000-7f9bdc000000 ---p 00000000 00:00 0 
7f9bdc000000-7f9bdde04000 rw-p 00000000 00:00 0 
7f9bdde04000-7f9be0000000 ---p 00000000 00:00 0 
7f9be0000000-7f9be0021000 rw-p 00000000 00:00 0 
7f9be0021000-7f9be4000000 ---p 00000000 00:00 0 
7f9be4000000-7f9be4021000 rw-p 00000000 00:00 0 
7f9be4021000-7f9be8000000 ---p 00000000 00:00 0 
7f9be8000000-7f9be8021000 rw-p 00000000 00:00 0 
7f9be8021000-7f9bec000000 ---p 00000000 00:00 0 
7f9bec000000-7f9bec2e5000 rw-p 00000000 00:00 0 
7f9bec2e5000-7f9bf0000000 ---p 00000000 00:00 0 
7f9bf0000000-7f9bf0021000 rw-p 00000000 00:00 0 
7f9bf0021000-7f9bf4000000 ---p 00000000 00:00 0 
7f9bf40f4000-7f9bf40f7000 ---p 00000000 00:00 0 
7f9bf40f7000-7f9bf43f5000 rw-p 00000000 00:00 0 
7f9bf43f5000-7f9bf45f5000 rw-p 00000000 00:00 0 
7f9bf45f5000-7f9bf47f5000 rw-p 00000000 00:00 0 
7f9bf47f5000-7f9bf49f5000 rw-p 00000000 00:00 0 
7f9bf49f5000-7f9bf49fe000 r-xp 00000000 08:02 38144620                   /usr/lib/jvm/java-8-oracle/jre/lib/amd64/libmanagement.so
7f9bf49fe000-7f9bf4bfd000 ---p 00009000 08:02 38144620                   /usr/lib/jvm/java-8-oracle/jre/lib/amd64/libmanagement.so
7f9bf4bfd000-7f9bf4bfe000 r--p 00008000 08:02 38144620                   /usr/lib/jvm/java-8-oracle/jre/lib/amd64/libmanagement.so
7f9bf4bfe000-7f9bf4bff000 rw-p 00009000 08:02 38144620                   /usr/lib/jvm/java-8-oracle/jre/lib/amd64/libmanagement.so
7f9bf4bff000-7f9bf4dff000 rw-p 00000000 00:00 0 
7f9bf4dff000-7f9bf4fff000 rw-p 00000000 00:00 0 
7f9bf4fff000-7f9bf8000000 rw-p 00000000 00:00 0 
7f9bf8000000-7f9bf8021000 rw-p 00000000 00:00 0 
7f9bf8021000-7f9bfc000000 ---p 00000000 00:00 0 
7f9bfc0a4000-7f9bfc0c0000 r--s 00393000 08:02 38144308                   /usr/lib/jvm/java-8-oracle/jre/lib/ext/cldrdata.jar
7f9bfc0c0000-7f9bfc0ca000 r--s 00116000 08:02 38144315                   /usr/lib/jvm/java-8-oracle/jre/lib/ext/localedata.jar
7f9bfc0ca000-7f9bfc160000 r--s 0110e000 08:02 38144309                   /usr/lib/jvm/java-8-oracle/jre/lib/ext/jfxrt.jar
7f9bfc160000-7f9c00000000 rw-p 00000000 00:00 0 
7f9c00000000-7f9c0002b000 rw-p 00000000 00:00 0 
7f9c0002b000-7f9c04000000 ---p 00000000 00:00 0 
7f9c04000000-7f9c04005000 r--s 002f9000 08:02 38143790                   /usr/lib/jvm/java-8-oracle/jre/lib/charsets.jar
7f9c04005000-7f9c04008000 ---p 00000000 00:00 0 
7f9c04008000-7f9c04306000 rw-p 00000000 00:00 0 
7f9c04306000-7f9c04317000 r-xp 00000000 08:02 38144612                   /usr/lib/jvm/java-8-oracle/jre/lib/amd64/libnio.so
7f9c04317000-7f9c04516000 ---p 00011000 08:02 38144612                   /usr/lib/jvm/java-8-oracle/jre/lib/amd64/libnio.so
7f9c04516000-7f9c04517000 r--p 00010000 08:02 38144612                   /usr/lib/jvm/java-8-oracle/jre/lib/amd64/libnio.so
7f9c04517000-7f9c04518000 rw-p 00011000 08:02 38144612                   /usr/lib/jvm/java-8-oracle/jre/lib/amd64/libnio.so
7f9c04518000-7f9c0451b000 ---p 00000000 00:00 0 
7f9c0451b000-7f9c04619000 rw-p 00000000 00:00 0 
7f9c04619000-7f9c0462f000 r-xp 00000000 08:02 38144605                   /usr/lib/jvm/java-8-oracle/jre/lib/amd64/libnet.so
7f9c0462f000-7f9c0482f000 ---p 00016000 08:02 38144605                   /usr/lib/jvm/java-8-oracle/jre/lib/amd64/libnet.so
7f9c0482f000-7f9c04830000 r--p 00016000 08:02 38144605                   /usr/lib/jvm/java-8-oracle/jre/lib/amd64/libnet.so
7f9c04830000-7f9c04831000 rw-p 00017000 08:02 38144605                   /usr/lib/jvm/java-8-oracle/jre/lib/amd64/libnet.so
7f9c04831000-7f9c04847000 r--s 000fe000 08:02 35916362                   /root/.m2/repository/org/assertj/assertj-core/3.6.2/assertj-core-3.6.2.jar
7f9c04847000-7f9c04849000 r--s 00000000 08:02 6557004                    /root/.m2/repository/org/mockito/mockito-junit-jupiter/2.23.4/mockito-junit-jupiter-2.23.4.jar
7f9c04849000-7f9c04851000 r--s 00045000 08:02 31196143                   /root/.m2/repository/junit/junit/4.12/junit-4.12.jar
7f9c04853000-7f9c04856000 r--s 00015000 08:02 6556997                    /root/.m2/repository/org/junit/platform/junit-platform-launcher/1.3.2/junit-platform-launcher-1.3.2.jar
7f9c04856000-7f9c04862000 r--s 0006f000 08:02 6556996                    /root/.m2/repository/org/junit/jupiter/junit-jupiter-params/5.3.2/junit-jupiter-params-5.3.2.jar
7f9c04862000-7f9c04866000 r--s 00019000 08:02 59250378                   /root/.m2/repository/org/junit/jupiter/junit-jupiter-api/5.3.2/junit-jupiter-api-5.3.2.jar
7f9c04866000-7f9c04867000 r--s 00001000 08:02 33300703                   /root/.m2/repository/org/opentest4j/opentest4j/1.1.1/opentest4j-1.1.1.jar
7f9c04867000-7f9c04869000 r--s 00011000 08:02 59250442                   /root/.m2/repository/org/junit/platform/junit-platform-commons/1.3.2/junit-platform-commons-1.3.2.jar
7f9c04869000-7f9c0486d000 r--s 0001e000 08:02 38155447                   /root/.m2/repository/org/junit/platform/junit-platform-engine/1.3.2/junit-platform-engine-1.3.2.jar
7f9c0486d000-7f9c0486e000 r--s 00000000 08:02 33300705                   /root/.m2/repository/org/apiguardian/apiguardian-api/1.0.0/apiguardian-api-1.0.0.jar
7f9c0486e000-7f9c04872000 r--s 00021000 08:02 38155446                   /root/.m2/repository/org/junit/jupiter/junit-jupiter-engine/5.3.2/junit-jupiter-engine-5.3.2.jar
7f9c04872000-7f9c04877000 r--s 00025000 08:02 6556582                    /root/.m2/repository/org/xmlunit/xmlunit-core/2.6.4/xmlunit-core-2.6.4.jar
7f9c04877000-7f9c04885000 r--s 0008a000 08:02 6556580                    /root/.m2/repository/org/springframework/spring-test/5.1.16.RELEASE/spring-test-5.1.16.RELEASE.jar
7f9c04885000-7f9c04886000 r--s 00005000 08:02 6556578                    /root/.m2/repository/org/springframework/spring-jcl/5.1.16.RELEASE/spring-jcl-5.1.16.RELEASE.jar
7f9c04886000-7f9c0489f000 r--s 00126000 08:02 6556576                    /root/.m2/repository/org/springframework/spring-core/5.1.16.RELEASE/spring-core-5.1.16.RELEASE.jar
7f9c0489f000-7f9c048a0000 r--s 00004000 08:02 31326895                   /root/.m2/repository/com/vaadin/external/google/android-json/0.0.20131108.vaadin1/android-json-0.0.20131108.vaadin1.jar
7f9c048a0000-7f9c048a2000 r--s 00006000 08:02 31326893                   /root/.m2/repository/org/skyscreamer/jsonassert/1.5.0/jsonassert-1.5.0.jar
7f9c048a2000-7f9c048a3000 r--s 0000c000 08:02 31326891                   /root/.m2/repository/org/hamcrest/hamcrest-library/1.3/hamcrest-library-1.3.jar
7f9c048a3000-7f9c048a5000 r--s 00009000 08:02 31196144                   /root/.m2/repository/org/hamcrest/hamcrest-core/1.3/hamcrest-core-1.3.jar
7f9c048a5000-7f9c048a7000 r--s 0000c000 08:02 31326888                   /root/.m2/repository/org/objenesis/objenesis/2.6/objenesis-2.6.jar
7f9c048a7000-7f9c048aa000 r--s 0003a000 08:02 6556574                    /root/.m2/repository/net/bytebuddy/byte-buddy-agent/1.9.16/byte-buddy-agent-1.9.16.jar
7f9c048aa000-7f9c048ba000 r--s 0007a000 08:02 31329464                   /root/.m2/repository/org/mockito/mockito-core/2.23.4/mockito-core-2.23.4.jar
7f9c048ba000-7f9c048bc000 r--s 0000c000 08:02 31326878                   /root/.m2/repository/org/ow2/asm/asm/5.0.4/asm-5.0.4.jar
7f9c048bc000-7f9c048be000 r--s 00006000 08:02 31326877                   /root/.m2/repository/net/minidev/accessors-smart/1.2/accessors-smart-1.2.jar
7f9c048be000-7f9c048c1000 r--s 0001b000 08:02 31326875                   /root/.m2/repository/net/minidev/json-smart/2.3/json-smart-2.3.jar
7f9c048c1000-7f9c048c7000 r--s 00031000 08:02 31326872                   /root/.m2/repository/com/jayway/jsonpath/json-path/2.4.0/json-path-2.4.0.jar
7f9c048c7000-7f9c048ce000 r--s 00024000 08:02 6556570                    /root/.m2/repository/org/springframework/boot/spring-boot-test-autoconfigure/2.1.15.RELEASE/spring-boot-test-autoconfigure-2.1.15.RELEASE.jar
7f9c048ce000-7f9c048d4000 r--s 0002b000 08:02 6556568                    /root/.m2/repository/org/springframework/boot/spring-boot-test/2.1.15.RELEASE/spring-boot-test-2.1.15.RELEASE.jar
7f9c048d4000-7f9c048d5000 r--s 00000000 08:02 6556556                    /root/.m2/repository/org/springframework/boot/spring-boot-starter-test/2.1.15.RELEASE/spring-boot-starter-test-2.1.15.RELEASE.jar
7f9c048d5000-7f9c048ee000 r--s 00132000 08:02 35917966                   /root/.m2/repository/io/lettuce/lettuce-core/5.1.8.RELEASE/lettuce-core-5.1.8.RELEASE.jar
7f9c048ee000-7f9c048f3000 r--s 00028000 08:02 6556500                    /root/.m2/repository/org/springframework/spring-context-support/5.1.16.RELEASE/spring-context-support-5.1.16.RELEASE.jar
7f9c048f3000-7f9c048f5000 r--s 00010000 08:02 35917970                   /root/.m2/repository/org/springframework/spring-oxm/5.1.16.RELEASE/spring-oxm-5.1.16.RELEASE.jar
7f9c048f5000-7f9c048f8000 r--s 00017000 08:02 35917964                   /root/.m2/repository/org/springframework/data/spring-data-keyvalue/2.1.18.RELEASE/spring-data-keyvalue-2.1.18.RELEASE.jar
7f9c048f9000-7f9c04914000 r--s 001d4000 08:02 38144311                   /usr/lib/jvm/java-8-oracle/jre/lib/ext/nashorn.jar
7f9c04914000-7f9c04915000 r--s 00000000 08:02 35917956                   /root/.m2/repository/org/springframework/boot/spring-boot-starter-data-redis/2.1.15.RELEASE/spring-boot-starter-data-redis-2.1.15.RELEASE.jar
7f9c04915000-7f9c0491a000 r--s 00036000 08:02 33433858                   /root/.m2/repository/com/google/code/gson/gson/2.8.6/gson-2.8.6.jar
7f9c0491a000-7f9c0491b000 r--s 00002000 08:02 59113736                   /root/.m2/repository/io/opentracing/opentracing-noop/0.33.0/opentracing-noop-0.33.0.jar
7f9c0491b000-7f9c0491c000 r--s 00001000 08:02 59113734                   /root/.m2/repository/io/opentracing/opentracing-util/0.33.0/opentracing-util-0.33.0.jar
7f9c0491c000-7f9c0491e000 r--s 00003000 08:02 59113732                   /root/.m2/repository/io/opentracing/opentracing-api/0.33.0/opentracing-api-0.33.0.jar
7f9c0491e000-7f9c04922000 r--s 00020000 08:02 59113706                   /root/.m2/repository/io/jaegertracing/jaeger-core/1.3.1/jaeger-core-1.3.1.jar
7f9c04922000-7f9c04924000 r--s 00008000 08:02 32115720                   /root/.m2/repository/org/springframework/security/spring-security-jwt/1.0.9.RELEASE/spring-security-jwt-1.0.9.RELEASE.jar
7f9c04924000-7f9c04928000 r--s 00035000 08:02 32115729                   /root/.m2/repository/org/codehaus/jackson/jackson-core-asl/1.9.13/jackson-core-asl-1.9.13.jar
7f9c04928000-7f9c04936000 r--s 000b1000 08:02 32115727                   /root/.m2/repository/org/codehaus/jackson/jackson-mapper-asl/1.9.13/jackson-mapper-asl-1.9.13.jar
7f9c04936000-7f9c0493d000 r--s 0004b000 08:02 31590083                   /root/.m2/repository/commons-codec/commons-codec/1.11/commons-codec-1.11.jar
7f9c0493d000-7f9c0494a000 r--s 0006c000 08:02 6816272                    /root/.m2/repository/org/springframework/security/oauth/spring-security-oauth2/2.3.4.RELEASE/spring-security-oauth2-2.3.4.RELEASE.jar
7f9c0494a000-7f9c0495c000 r--s 000d9000 08:02 6816270                    /root/.m2/repository/com/sun/xml/bind/jaxb-impl/2.3.0.1/jaxb-impl-2.3.0.1.jar
7f9c0495c000-7f9c04963000 r--s 00038000 08:02 6816268                    /root/.m2/repository/com/sun/xml/bind/jaxb-core/2.3.0.1/jaxb-core-2.3.0.1.jar
7f9c04963000-7f9c04968000 r--s 00013000 08:02 6816266                    /root/.m2/repository/org/springframework/security/oauth/boot/spring-security-oauth2-autoconfigure/2.1.2.RELEASE/spring-security-oauth2-autoconfigure-2.1.2.RELEASE.jar
7f9c04968000-7f9c0496a000 r--s 00007000 08:02 35917049                   /root/.m2/repository/org/springframework/cloud/spring-cloud-security/2.2.2.RELEASE/spring-cloud-security-2.2.2.RELEASE.jar
7f9c0496a000-7f9c0496b000 r--s 00000000 08:02 35916685                   /root/.m2/repository/org/springframework/cloud/spring-cloud-starter-security/2.2.2.RELEASE/spring-cloud-starter-security-2.2.2.RELEASE.jar
7f9c0496b000-7f9c0496c000 r--s 00000000 08:02 35917048                   /root/.m2/repository/org/springframework/cloud/spring-cloud-starter-oauth2/2.2.2.RELEASE/spring-cloud-starter-oauth2-2.2.2.RELEASE.jar
7f9c0496c000-7f9c0497b000 r--s 00075000 08:02 6816258                    /root/.m2/repository/org/springframework/security/spring-security-web/5.1.11.RELEASE/spring-security-web-5.1.11.RELEASE.jar
7f9c0497b000-7f9c04987000 r--s 0005e000 08:02 6816276                    /root/.m2/repository/org/springframework/security/spring-security-core/5.1.11.RELEASE/spring-security-core-5.1.11.RELEASE.jar
7f9c04987000-7f9c04994000 r--s 000b2000 08:02 6816256                    /root/.m2/repository/org/springframework/security/spring-security-config/5.1.11.RELEASE/spring-security-config-5.1.11.RELEASE.jar
7f9c04994000-7f9c04995000 r--s 00000000 08:02 6816038                    /root/.m2/repository/org/springframework/boot/spring-boot-starter-security/2.1.15.RELEASE/spring-boot-starter-security-2.1.15.RELEASE.jar
7f9c04995000-7f9c049b9000 r--s 00114000 08:02 6556564                    /root/.m2/repository/org/springframework/boot/spring-boot-autoconfigure/2.1.15.RELEASE/spring-boot-autoconfigure-2.1.15.RELEASE.jar
7f9c049b9000-7f9c049cf000 r--s 000d7000 08:02 6556560                    /root/.m2/repository/org/springframework/boot/spring-boot/2.1.15.RELEASE/spring-boot-2.1.15.RELEASE.jar
7f9c049cf000-7f9c049d5000 r--s 0002e000 08:02 6687998                    /root/.m2/repository/org/springframework/boot/spring-boot-devtools/2.1.15.RELEASE/spring-boot-devtools-2.1.15.RELEASE.jar
7f9c049d5000-7f9c049d7000 r--s 001eb000 08:02 30934342                   /root/.m2/repository/org/xerial/snappy/snappy-java/1.1.7.1/snappy-java-1.1.7.1.jar
7f9c049d7000-7f9c049da000 r--s 00058000 08:02 30934340                   /root/.m2/repository/org/lz4/lz4-java/1.4.1/lz4-java-1.4.1.jar
7f9c049da000-7f9c049fc000 r--s 001ae000 08:02 30934338                   /root/.m2/repository/org/apache/kafka/kafka-clients/2.0.1/kafka-clients-2.0.1.jar
7f9c049fc000-7f9c04a00000 r--s 0001c000 08:02 6557112                    /root/.m2/repository/org/springframework/retry/spring-retry/1.2.5.RELEASE/spring-retry-1.2.5.RELEASE.jar
7f9c04a00000-7f9c04a08000 r--s 00037000 08:02 31723010                   /root/.m2/repository/org/springframework/spring-tx/5.1.16.RELEASE/spring-tx-5.1.16.RELEASE.jar
7f9c04a08000-7f9c04a10000 r--s 00056000 08:02 6557100                    /root/.m2/repository/org/springframework/spring-messaging/5.1.16.RELEASE/spring-messaging-5.1.16.RELEASE.jar
7f9c04a10000-7f9c04a2a000 r--s 000f4000 08:02 6556562                    /root/.m2/repository/org/springframework/spring-context/5.1.16.RELEASE/spring-context-5.1.16.RELEASE.jar
7f9c04a2a000-7f9c04a32000 r--s 0004e000 08:02 36570547                   /root/.m2/repository/org/springframework/kafka/spring-kafka/2.2.14.RELEASE/spring-kafka-2.2.14.RELEASE.jar
7f9c04a32000-7f9c04a34000 r--s 0000e000 08:02 36570543                   /root/.m2/repository/org/json/json/20180130/json-20180130.jar
7f9c04a34000-7f9c04a4d000 r--s 001da000 08:02 32644496                   /root/.m2/repository/org/aspectj/aspectjweaver/1.9.5/aspectjweaver-1.9.5.jar
7f9c04a4d000-7f9c04a56000 r--s 00052000 08:02 6556540                    /root/.m2/repository/org/springframework/spring-aop/5.1.16.RELEASE/spring-aop-5.1.16.RELEASE.jar
7f9c04a56000-7f9c04a57000 r--s 00000000 08:02 6556504                    /root/.m2/repository/org/springframework/boot/spring-boot-starter-aop/2.1.15.RELEASE/spring-boot-starter-aop-2.1.15.RELEASE.jar
7f9c04a57000-7f9c04a5b000 r--s 0004c000 08:02 6556514                    /root/.m2/repository/com/fasterxml/jackson/core/jackson-core/2.9.10/jackson-core-2.9.10.jar
7f9c04a5b000-7f9c04a6e000 r--s 00137000 08:02 6556516                    /root/.m2/repository/com/fasterxml/jackson/core/jackson-databind/2.9.10.4/jackson-databind-2.9.10.4.jar
7f9c04a6e000-7f9c04a70000 r--s 00007000 08:02 38667955                   /root/.m2/repository/org/springframework/cloud/spring-cloud-config-client/2.1.0.RELEASE/spring-cloud-config-client-2.1.0.RELEASE.jar
7f9c04a70000-7f9c04ac8000 r--s 003a7000 08:02 32114914                   /root/.m2/repository/org/bouncycastle/bcprov-jdk15on/1.60/bcprov-jdk15on-1.60.jar
7f9c04ac8000-7f9c04adb000 r--s 000b0000 08:02 32114912                   /root/.m2/repository/org/bouncycastle/bcpkix-jdk15on/1.60/bcpkix-jdk15on-1.60.jar
7f9c04adb000-7f9c04adc000 r--s 00004000 08:02 32114910                   /root/.m2/repository/org/springframework/security/spring-security-rsa/1.0.7.RELEASE/spring-security-rsa-1.0.7.RELEASE.jar
7f9c04ade000-7f9c04ae2000 r--s 000a1000 08:02 38143819                   /usr/lib/jvm/java-8-oracle/jre/lib/jsse.jar
7f9c04ae2000-7f9c04ae4000 r--s 00010000 08:02 6556470                    /root/.m2/repository/org/springframework/security/spring-security-crypto/5.1.11.RELEASE/spring-security-crypto-5.1.11.RELEASE.jar
7f9c04ae4000-7f9c04ae8000 r--s 00018000 08:02 38667950                   /root/.m2/repository/org/springframework/cloud/spring-cloud-context/2.1.0.RELEASE/spring-cloud-context-2.1.0.RELEASE.jar
7f9c04ae8000-7f9c04ae9000 r--s 00000000 08:02 38667947                   /root/.m2/repository/org/springframework/cloud/spring-cloud-starter/2.1.0.RELEASE/spring-cloud-starter-2.1.0.RELEASE.jar
7f9c04ae9000-7f9c04aea000 r--s 00000000 08:02 38667946                   /root/.m2/repository/org/springframework/cloud/spring-cloud-starter-config/2.1.0.RELEASE/spring-cloud-starter-config-2.1.0.RELEASE.jar
7f9c04aea000-7f9c04aec000 r--s 00006000 08:02 31459256                   /root/.m2/repository/org/latencyutils/LatencyUtils/2.0.3/LatencyUtils-2.0.3.jar
7f9c04aec000-7f9c04aee000 r--s 0001a000 08:02 31589790                   /root/.m2/repository/org/hdrhistogram/HdrHistogram/2.1.9/HdrHistogram-2.1.9.jar
7f9c04aee000-7f9c04af7000 r--s 00065000 08:02 6556496                    /root/.m2/repository/io/micrometer/micrometer-core/1.1.14/micrometer-core-1.1.14.jar
7f9c04af7000-7f9c04b07000 r--s 0006e000 08:02 6556494                    /root/.m2/repository/org/springframework/boot/spring-boot-actuator/2.1.15.RELEASE/spring-boot-actuator-2.1.15.RELEASE.jar
7f9c04b07000-7f9c04b16000 r--s 0005e000 08:02 6556492                    /root/.m2/repository/org/springframework/boot/spring-boot-actuator-autoconfigure/2.1.15.RELEASE/spring-boot-actuator-autoconfigure-2.1.15.RELEASE.jar
7f9c04b16000-7f9c04b17000 r--s 00000000 08:02 6556490                    /root/.m2/repository/org/springframework/boot/spring-boot-starter-actuator/2.1.15.RELEASE/spring-boot-starter-actuator-2.1.15.RELEASE.jar
7f9c04b17000-7f9c04b18000 r--s 0041e000 08:02 49547522                   /root/.m2/repository/io/springfox/springfox-swagger-ui/2.8.0/springfox-swagger-ui-2.8.0.jar
7f9c04b18000-7f9c04b1a000 r--s 00004000 08:02 31720189                   /root/.m2/repository/org/mapstruct/mapstruct/1.2.0.Final/mapstruct-1.2.0.Final.jar
7f9c04b1a000-7f9c04b1c000 r--s 00000000 08:02 31720187                   /root/.m2/repository/org/springframework/plugin/spring-plugin-metadata/1.2.0.RELEASE/spring-plugin-metadata-1.2.0.RELEASE.jar
7f9c04b1c000-7f9c04b1d000 r--s 00004000 08:02 31719482                   /root/.m2/repository/org/springframework/plugin/spring-plugin-core/1.2.0.RELEASE/spring-plugin-core-1.2.0.RELEASE.jar
7f9c04b1d000-7f9c04b1f000 r--s 00009000 08:02 58991253                   /root/.m2/repository/org/slf4j/slf4j-api/1.7.30/slf4j-api-1.7.30.jar
7f9c04b1f000-7f9c04b21000 r--s 0000f000 08:02 32114486                   /root/.m2/repository/com/fasterxml/classmate/1.4.0/classmate-1.4.0.jar
7f9c04b21000-7f9c04b50000 r--s 00226000 08:02 31720185                   /root/.m2/repository/com/google/guava/guava/20.0/guava-20.0.jar
7f9c04b50000-7f9c04b53000 r--s 0001d000 08:02 49547512                   /root/.m2/repository/org/reflections/reflections/0.9.11/reflections-0.9.11.jar
7f9c04b53000-7f9c04b58000 r--s 00027000 08:02 49547507                   /root/.m2/repository/io/springfox/springfox-spring-web/2.8.0/springfox-spring-web-2.8.0.jar
7f9c04b58000-7f9c04b5b000 r--s 00015000 08:02 49547498                   /root/.m2/repository/io/springfox/springfox-swagger-common/2.8.0/springfox-swagger-common-2.8.0.jar
7f9c04b5b000-7f9c04b5e000 r--s 00011000 08:02 49547491                   /root/.m2/repository/io/springfox/springfox-schema/2.8.0/springfox-schema-2.8.0.jar
7f9c04b5e000-7f9c04b62000 r--s 00018000 08:02 49547484                   /root/.m2/repository/io/springfox/springfox-core/2.8.0/springfox-core-2.8.0.jar
7f9c04b62000-7f9c04b65000 r--s 0000a000 08:02 49547466                   /root/.m2/repository/io/springfox/springfox-spi/2.8.0/springfox-spi-2.8.0.jar
7f9c04b65000-7f9c04b68000 r--s 0000e000 08:02 6556512                    /root/.m2/repository/com/fasterxml/jackson/core/jackson-annotations/2.9.10/jackson-annotations-2.9.10.jar
7f9c04b68000-7f9c04b6c000 r--s 00020000 08:02 49547452                   /root/.m2/repository/io/swagger/swagger-models/1.5.14/swagger-models-1.5.14.jar
7f9c04b6c000-7f9c04b6e000 r--s 00004000 08:02 49547432                   /root/.m2/repository/io/swagger/swagger-annotations/1.5.14/swagger-annotations-1.5.14.jar
7f9c04b6e000-7f9c04b70000 r--s 0000e000 08:02 49547420                   /root/.m2/repository/io/springfox/springfox-swagger2/2.8.0/springfox-swagger2-2.8.0.jar
7f9c04b70000-7f9c04b88000 r--s 0019f000 08:02 31986537                   /root/.m2/repository/org/projectlombok/lombok/1.18.12/lombok-1.18.12.jar
7f9c04b88000-7f9c04ba2000 r--s 0022d000 08:02 32120305                   /root/.m2/repository/mysql/mysql-connector-java/8.0.20/mysql-connector-java-8.0.20.jar
7f9c04ba2000-7f9c04ba7000 r--s 00040000 08:02 6556542                    /root/.m2/repository/org/springframework/spring-expression/5.1.16.RELEASE/spring-expression-5.1.16.RELEASE.jar
7f9c04ba7000-7f9c04bb6000 r--s 000b5000 08:02 6556538                    /root/.m2/repository/org/springframework/spring-webmvc/5.1.16.RELEASE/spring-webmvc-5.1.16.RELEASE.jar
7f9c04bb6000-7f9c04bd2000 r--s 0013c000 08:02 6556534                    /root/.m2/repository/org/springframework/spring-web/5.1.16.RELEASE/spring-web-5.1.16.RELEASE.jar
7f9c04bd2000-7f9c04bd7000 r--s 00012000 08:02 31326822                   /root/.m2/repository/javax/validation/validation-api/2.0.1.Final/validation-api-2.0.1.Final.jar
7f9c04bd7000-7f9c04bf4000 r--s 000fe000 08:02 6556530                    /root/.m2/repository/org/hibernate/validator/hibernate-validator/6.0.20.Final/hibernate-validator-6.0.20.Final.jar
7f9c04bf4000-7f9c04bfa000 r--s 0003c000 08:02 33306622                   /root/.m2/repository/org/apache/tomcat/embed/tomcat-embed-websocket/9.0.36/tomcat-embed-websocket-9.0.36.jar
7f9c04bfa000-7f9c04bfe000 r--s 0003b000 08:02 6556488                    /root/.m2/repository/org/apache/tomcat/embed/tomcat-embed-el/9.0.36/tomcat-embed-el-9.0.36.jar
7f9c04bfe000-7f9c04c29000 r--s 0030d000 08:02 33169668                   /root/.m2/repository/org/apache/tomcat/embed/tomcat-embed-core/9.0.36/tomcat-embed-core-9.0.36.jar
7f9c04c29000-7f9c04c2a000 r--s 00000000 08:02 6556486                    /root/.m2/repository/org/springframework/boot/spring-boot-starter-tomcat/2.1.15.RELEASE/spring-boot-starter-tomcat-2.1.15.RELEASE.jar
7f9c04c2a000-7f9c04c2c000 r--s 00001000 08:02 6556484                    /root/.m2/repository/com/fasterxml/jackson/module/jackson-module-parameter-names/2.9.10/jackson-module-parameter-names-2.9.10.jar
7f9c04c2c000-7f9c04c2f000 r--s 00016000 08:02 6556482                    /root/.m2/repository/com/fasterxml/jackson/datatype/jackson-datatype-jsr310/2.9.10/jackson-datatype-jsr310-2.9.10.jar
7f9c04c2f000-7f9c04c31000 r--s 00007000 08:02 6556480                    /root/.m2/repository/com/fasterxml/jackson/datatype/jackson-datatype-jdk8/2.9.10/jackson-datatype-jdk8-2.9.10.jar
7f9c04c31000-7f9c04c32000 r--s 00000000 08:02 6556478                    /root/.m2/repository/org/springframework/boot/spring-boot-starter-json/2.1.15.RELEASE/spring-boot-starter-json-2.1.15.RELEASE.jar
7f9c04c32000-7f9c04c39000 r--s 00043000 08:02 32114479                   /root/.m2/repository/org/yaml/snakeyaml/1.23/snakeyaml-1.23.jar
7f9c04c39000-7f9c04c3b000 r--s 00005000 08:02 31326812                   /root/.m2/repository/javax/annotation/javax.annotation-api/1.3.2/javax.annotation-api-1.3.2.jar
7f9c04c3b000-7f9c04c3d000 r--s 00000000 08:02 58991240                   /root/.m2/repository/org/slf4j/jul-to-slf4j/1.7.30/jul-to-slf4j-1.7.30.jar
7f9c04c3d000-7f9c04c43000 r--s 0003c000 08:02 31329446                   /root/.m2/repository/org/apache/logging/log4j/log4j-api/2.11.2/log4j-api-2.11.2.jar
7f9c04c43000-7f9c04c45000 r--s 00003000 08:02 31329444                   /root/.m2/repository/org/apache/logging/log4j/log4j-to-slf4j/2.11.2/log4j-to-slf4j-2.11.2.jar
7f9c04c45000-7f9c04c50000 r--s 00069000 08:02 31327115                   /root/.m2/repository/ch/qos/logback/logback-core/1.2.3/logback-core-1.2.3.jar
7f9c04c50000-7f9c04c56000 r--s 00041000 08:02 31327112                   /root/.m2/repository/ch/qos/logback/logback-classic/1.2.3/logback-classic-1.2.3.jar
7f9c04c56000-7f9c04c57000 r--s 00000000 08:02 6556566                    /root/.m2/repository/org/springframework/boot/spring-boot-starter-logging/2.1.15.RELEASE/spring-boot-starter-logging-2.1.15.RELEASE.jar
7f9c04c57000-7f9c04c58000 r--s 00000000 08:02 6556558                    /root/.m2/repository/org/springframework/boot/spring-boot-starter/2.1.15.RELEASE/spring-boot-starter-2.1.15.RELEASE.jar
7f9c04c58000-7f9c04c5a000 r--s 0000a000 08:02 31723012                   /root/.m2/repository/org/springframework/spring-aspects/5.1.16.RELEASE/spring-aspects-5.1.16.RELEASE.jar
7f9c04c5a000-7f9c04c67000 r--s 00099000 08:02 6556536                    /root/.m2/repository/org/springframework/spring-beans/5.1.16.RELEASE/spring-beans-5.1.16.RELEASE.jar
7f9c04c67000-7f9c04c6b000 r--s 0002d000 08:02 31723008                   /root/.m2/repository/org/springframework/spring-orm/5.1.16.RELEASE/spring-orm-5.1.16.RELEASE.jar
7f9c04c6b000-7f9c04c84000 r--s 00108000 08:02 31723006                   /root/.m2/repository/org/springframework/data/spring-data-commons/2.1.18.RELEASE/spring-data-commons-2.1.18.RELEASE.jar
7f9c04c84000-7f9c04c8c000 r--s 00051000 08:02 31723004                   /root/.m2/repository/org/springframework/data/spring-data-jpa/2.1.18.RELEASE/spring-data-jpa-2.1.18.RELEASE.jar
7f9c04c8c000-7f9c04c92000 r--s 00047000 08:02 6556554                    /root/.m2/repository/com/sun/xml/fastinfoset/FastInfoset/1.2.15/FastInfoset-1.2.15.jar
7f9c04c92000-7f9c04c94000 r--s 00005000 08:02 6556550                    /root/.m2/repository/com/sun/istack/istack-commons-runtime/3.0.7/istack-commons-runtime-3.0.7.jar
7f9c04c94000-7f9c04c97000 r--s 0000f000 08:02 6556548                    /root/.m2/repository/org/glassfish/jaxb/txw2/2.3.1/txw2-2.3.1.jar
7f9c04c97000-7f9c04cab000 r--s 000f7000 08:02 6556546                    /root/.m2/repository/org/glassfish/jaxb/jaxb-runtime/2.3.1/jaxb-runtime-2.3.1.jar
7f9c04cab000-7f9c04cae000 r--s 00010000 08:02 32375735                   /root/.m2/repository/org/hibernate/common/hibernate-commons-annotations/5.0.4.Final/hibernate-commons-annotations-5.0.4.Final.jar
7f9c04cae000-7f9c04cf6000 r--s 002de000 08:02 6556572                    /root/.m2/repository/net/bytebuddy/byte-buddy/1.9.16/byte-buddy-1.9.16.jar
7f9c04cf6000-7f9c04d01000 r--s 000b2000 08:02 31723002                   /root/.m2/repository/org/javassist/javassist/3.23.2-GA/javassist-3.23.2-GA.jar
7f9c04d01000-7f9c04d84000 r--s 0062d000 08:02 31723000                   /root/.m2/repository/org/hibernate/hibernate-core/5.3.17.Final/hibernate-core-5.3.17.Final.jar
7f9c04d84000-7f9c04d85000 ---p 00000000 00:00 0 
7f9c04d85000-7f9c04e85000 rw-p 00000000 00:00 0 
7f9c04e85000-7f9c04e88000 ---p 00000000 00:00 0 
7f9c04e88000-7f9c04f86000 rw-p 00000000 00:00 0 
7f9c04f86000-7f9c04f87000 ---p 00000000 00:00 0 
7f9c04f87000-7f9c04f8a000 ---p 00000000 00:00 0 
7f9c04f8a000-7f9c05087000 rw-p 00000000 00:00 0 
7f9c05087000-7f9c05088000 ---p 00000000 00:00 0 
7f9c05088000-7f9c0508b000 ---p 00000000 00:00 0 
7f9c0508b000-7f9c05188000 rw-p 00000000 00:00 0 
7f9c05188000-7f9c05189000 ---p 00000000 00:00 0 
7f9c05189000-7f9c0518c000 ---p 00000000 00:00 0 
7f9c0518c000-7f9c05289000 rw-p 00000000 00:00 0 
7f9c05289000-7f9c0528c000 ---p 00000000 00:00 0 
7f9c0528c000-7f9c0538a000 rw-p 00000000 00:00 0 
7f9c0538a000-7f9c05668000 r--p 00000000 08:02 34604226                   /usr/lib/locale/locale-archive
7f9c05668000-7f9c0566b000 ---p 00000000 00:00 0 
7f9c0566b000-7f9c05769000 rw-p 00000000 00:00 0 
7f9c05769000-7f9c0576c000 ---p 00000000 00:00 0 
7f9c0576c000-7f9c0586a000 rw-p 00000000 00:00 0 
7f9c0586a000-7f9c0586b000 ---p 00000000 00:00 0 
7f9c0586b000-7f9c0694d000 rw-p 00000000 00:00 0 
7f9c0694d000-7f9c06b27000 r--s 03d6f000 08:02 38143792                   /usr/lib/jvm/java-8-oracle/jre/lib/rt.jar
7f9c06b27000-7f9c07767000 rw-p 00000000 00:00 0 
7f9c07767000-7f9c07768000 ---p 00000000 00:00 0 
7f9c07768000-7f9c07868000 rw-p 00000000 00:00 0 
7f9c07868000-7f9c07869000 ---p 00000000 00:00 0 
7f9c07869000-7f9c07969000 rw-p 00000000 00:00 0 
7f9c07969000-7f9c0796a000 ---p 00000000 00:00 0 
7f9c0796a000-7f9c07a6a000 rw-p 00000000 00:00 0 
7f9c07a6a000-7f9c07a6b000 ---p 00000000 00:00 0 
7f9c07a6b000-7f9c07b87000 rw-p 00000000 00:00 0 
7f9c07b87000-7f9c07df2000 ---p 00000000 00:00 0 
7f9c07df2000-7f9c07e0e000 rw-p 00000000 00:00 0 
7f9c07e0e000-7f9c08078000 ---p 00000000 00:00 0 
7f9c08078000-7f9c0811c000 rw-p 00000000 00:00 0 
7f9c0811c000-7f9c081bc000 ---p 00000000 00:00 0 
7f9c081bc000-7f9c08203000 rw-p 00000000 00:00 0 
7f9c08203000-7f9c0857d000 ---p 00000000 00:00 0 
7f9c0857d000-7f9c096dd000 rwxp 00000000 00:00 0 
7f9c096dd000-7f9c1757d000 ---p 00000000 00:00 0 
7f9c1757d000-7f9c17598000 r-xp 00000000 08:02 38144598                   /usr/lib/jvm/java-8-oracle/jre/lib/amd64/libzip.so
7f9c17598000-7f9c17797000 ---p 0001b000 08:02 38144598                   /usr/lib/jvm/java-8-oracle/jre/lib/amd64/libzip.so
7f9c17797000-7f9c17798000 r--p 0001a000 08:02 38144598                   /usr/lib/jvm/java-8-oracle/jre/lib/amd64/libzip.so
7f9c17798000-7f9c17799000 rw-p 0001b000 08:02 38144598                   /usr/lib/jvm/java-8-oracle/jre/lib/amd64/libzip.so
7f9c17799000-7f9c177a4000 r-xp 00000000 08:02 7605847                    /lib/x86_64-linux-gnu/libnss_files-2.27.so
7f9c177a4000-7f9c179a3000 ---p 0000b000 08:02 7605847                    /lib/x86_64-linux-gnu/libnss_files-2.27.so
7f9c179a3000-7f9c179a4000 r--p 0000a000 08:02 7605847                    /lib/x86_64-linux-gnu/libnss_files-2.27.so
7f9c179a4000-7f9c179a5000 rw-p 0000b000 08:02 7605847                    /lib/x86_64-linux-gnu/libnss_files-2.27.so
7f9c179a5000-7f9c179ab000 rw-p 00000000 00:00 0 
7f9c179ab000-7f9c179c2000 r-xp 00000000 08:02 7605844                    /lib/x86_64-linux-gnu/libnsl-2.27.so
7f9c179c2000-7f9c17bc1000 ---p 00017000 08:02 7605844                    /lib/x86_64-linux-gnu/libnsl-2.27.so
7f9c17bc1000-7f9c17bc2000 r--p 00016000 08:02 7605844                    /lib/x86_64-linux-gnu/libnsl-2.27.so
7f9c17bc2000-7f9c17bc3000 rw-p 00017000 08:02 7605844                    /lib/x86_64-linux-gnu/libnsl-2.27.so
7f9c17bc3000-7f9c17bc5000 rw-p 00000000 00:00 0 
7f9c17bc5000-7f9c17bd0000 r-xp 00000000 08:02 7605849                    /lib/x86_64-linux-gnu/libnss_nis-2.27.so
7f9c17bd0000-7f9c17dcf000 ---p 0000b000 08:02 7605849                    /lib/x86_64-linux-gnu/libnss_nis-2.27.so
7f9c17dcf000-7f9c17dd0000 r--p 0000a000 08:02 7605849                    /lib/x86_64-linux-gnu/libnss_nis-2.27.so
7f9c17dd0000-7f9c17dd1000 rw-p 0000b000 08:02 7605849                    /lib/x86_64-linux-gnu/libnss_nis-2.27.so
7f9c17dd1000-7f9c17dfd000 r-xp 00000000 08:02 38144558                   /usr/lib/jvm/java-8-oracle/jre/lib/amd64/libjava.so
7f9c17dfd000-7f9c17ffd000 ---p 0002c000 08:02 38144558                   /usr/lib/jvm/java-8-oracle/jre/lib/amd64/libjava.so
7f9c17ffd000-7f9c17ffe000 r--p 0002c000 08:02 38144558                   /usr/lib/jvm/java-8-oracle/jre/lib/amd64/libjava.so
7f9c17ffe000-7f9c18000000 rw-p 0002d000 08:02 38144558                   /usr/lib/jvm/java-8-oracle/jre/lib/amd64/libjava.so
7f9c18000000-7f9c19872000 rw-p 00000000 00:00 0 
7f9c19872000-7f9c1c000000 ---p 00000000 00:00 0 
7f9c1c000000-7f9c1c001000 r--s 00000000 08:02 6556476                    /root/.m2/repository/org/springframework/boot/spring-boot-starter-web/2.1.15.RELEASE/spring-boot-starter-web-2.1.15.RELEASE.jar
7f9c1c001000-7f9c1c006000 r--s 0004b000 08:02 31199867                   /root/.m2/repository/org/dom4j/dom4j/2.1.3/dom4j-2.1.3.jar
7f9c1c006000-7f9c1c00e000 r-xp 00000000 08:02 7605845                    /lib/x86_64-linux-gnu/libnss_compat-2.27.so
7f9c1c00e000-7f9c1c20e000 ---p 00008000 08:02 7605845                    /lib/x86_64-linux-gnu/libnss_compat-2.27.so
7f9c1c20e000-7f9c1c20f000 r--p 00008000 08:02 7605845                    /lib/x86_64-linux-gnu/libnss_compat-2.27.so
7f9c1c20f000-7f9c1c210000 rw-p 00009000 08:02 7605845                    /lib/x86_64-linux-gnu/libnss_compat-2.27.so
7f9c1c210000-7f9c1c21d000 r-xp 00000000 08:02 38144563                   /usr/lib/jvm/java-8-oracle/jre/lib/amd64/libverify.so
7f9c1c21d000-7f9c1c41c000 ---p 0000d000 08:02 38144563                   /usr/lib/jvm/java-8-oracle/jre/lib/amd64/libverify.so
7f9c1c41c000-7f9c1c41e000 r--p 0000c000 08:02 38144563                   /usr/lib/jvm/java-8-oracle/jre/lib/amd64/libverify.so
7f9c1c41e000-7f9c1c41f000 rw-p 0000e000 08:02 38144563                   /usr/lib/jvm/java-8-oracle/jre/lib/amd64/libverify.so
7f9c1c41f000-7f9c1c426000 r-xp 00000000 08:02 7605854                    /lib/x86_64-linux-gnu/librt-2.27.so
7f9c1c426000-7f9c1c625000 ---p 00007000 08:02 7605854                    /lib/x86_64-linux-gnu/librt-2.27.so
7f9c1c625000-7f9c1c626000 r--p 00006000 08:02 7605854                    /lib/x86_64-linux-gnu/librt-2.27.so
7f9c1c626000-7f9c1c627000 rw-p 00007000 08:02 7605854                    /lib/x86_64-linux-gnu/librt-2.27.so
7f9c1c627000-7f9c1c7c4000 r-xp 00000000 08:02 7605841                    /lib/x86_64-linux-gnu/libm-2.27.so
7f9c1c7c4000-7f9c1c9c3000 ---p 0019d000 08:02 7605841                    /lib/x86_64-linux-gnu/libm-2.27.so
7f9c1c9c3000-7f9c1c9c4000 r--p 0019c000 08:02 7605841                    /lib/x86_64-linux-gnu/libm-2.27.so
7f9c1c9c4000-7f9c1c9c5000 rw-p 0019d000 08:02 7605841                    /lib/x86_64-linux-gnu/libm-2.27.so
7f9c1c9c5000-7f9c1d6ad000 r-xp 00000000 08:02 38144530                   /usr/lib/jvm/java-8-oracle/jre/lib/amd64/server/libjvm.so
7f9c1d6ad000-7f9c1d8ac000 ---p 00ce8000 08:02 38144530                   /usr/lib/jvm/java-8-oracle/jre/lib/amd64/server/libjvm.so
7f9c1d8ac000-7f9c1d942000 r--p 00ce7000 08:02 38144530                   /usr/lib/jvm/java-8-oracle/jre/lib/amd64/server/libjvm.so
7f9c1d942000-7f9c1d973000 rw-p 00d7d000 08:02 38144530                   /usr/lib/jvm/java-8-oracle/jre/lib/amd64/server/libjvm.so
7f9c1d973000-7f9c1d9ae000 rw-p 00000000 00:00 0 
7f9c1d9ae000-7f9c1db95000 r-xp 00000000 08:02 7605837                    /lib/x86_64-linux-gnu/libc-2.27.so
7f9c1db95000-7f9c1dd95000 ---p 001e7000 08:02 7605837                    /lib/x86_64-linux-gnu/libc-2.27.so
7f9c1dd95000-7f9c1dd99000 r--p 001e7000 08:02 7605837                    /lib/x86_64-linux-gnu/libc-2.27.so
7f9c1dd99000-7f9c1dd9b000 rw-p 001eb000 08:02 7605837                    /lib/x86_64-linux-gnu/libc-2.27.so
7f9c1dd9b000-7f9c1dd9f000 rw-p 00000000 00:00 0 
7f9c1dd9f000-7f9c1dda2000 r-xp 00000000 08:02 7605840                    /lib/x86_64-linux-gnu/libdl-2.27.so
7f9c1dda2000-7f9c1dfa1000 ---p 00003000 08:02 7605840                    /lib/x86_64-linux-gnu/libdl-2.27.so
7f9c1dfa1000-7f9c1dfa2000 r--p 00002000 08:02 7605840                    /lib/x86_64-linux-gnu/libdl-2.27.so
7f9c1dfa2000-7f9c1dfa3000 rw-p 00003000 08:02 7605840                    /lib/x86_64-linux-gnu/libdl-2.27.so
7f9c1dfa3000-7f9c1dfba000 r-xp 00000000 08:02 38143498                   /usr/lib/jvm/java-8-oracle/lib/amd64/jli/libjli.so
7f9c1dfba000-7f9c1e1b9000 ---p 00017000 08:02 38143498                   /usr/lib/jvm/java-8-oracle/lib/amd64/jli/libjli.so
7f9c1e1b9000-7f9c1e1ba000 r--p 00016000 08:02 38143498                   /usr/lib/jvm/java-8-oracle/lib/amd64/jli/libjli.so
7f9c1e1ba000-7f9c1e1bb000 rw-p 00017000 08:02 38143498                   /usr/lib/jvm/java-8-oracle/lib/amd64/jli/libjli.so
7f9c1e1bb000-7f9c1e1d5000 r-xp 00000000 08:02 7605852                    /lib/x86_64-linux-gnu/libpthread-2.27.so
7f9c1e1d5000-7f9c1e3d4000 ---p 0001a000 08:02 7605852                    /lib/x86_64-linux-gnu/libpthread-2.27.so
7f9c1e3d4000-7f9c1e3d5000 r--p 00019000 08:02 7605852                    /lib/x86_64-linux-gnu/libpthread-2.27.so
7f9c1e3d5000-7f9c1e3d6000 rw-p 0001a000 08:02 7605852                    /lib/x86_64-linux-gnu/libpthread-2.27.so
7f9c1e3d6000-7f9c1e3da000 rw-p 00000000 00:00 0 
7f9c1e3da000-7f9c1e401000 r-xp 00000000 08:02 7602367                    /lib/x86_64-linux-gnu/ld-2.27.so
7f9c1e401000-7f9c1e402000 r--s 00008000 08:02 6556552                    /root/.m2/repository/org/jvnet/staxex/stax-ex/1.8/stax-ex-1.8.jar
7f9c1e402000-7f9c1e405000 r--s 0002b000 08:02 32375733                   /root/.m2/repository/org/jboss/jandex/2.0.5.Final/jandex-2.0.5.Final.jar
7f9c1e405000-7f9c1e40a000 r--s 00068000 08:02 31197123                   /root/.m2/repository/antlr/antlr/2.7.7/antlr-2.7.7.jar
7f9c1e40a000-7f9c1e410000 r--s 00023000 08:02 32375729                   /root/.m2/repository/javax/persistence/javax.persistence-api/2.2/javax.persistence-api-2.2.jar
7f9c1e410000-7f9c1e412000 r--s 0000f000 08:02 6556532                    /root/.m2/repository/org/jboss/logging/jboss-logging/3.3.3.Final/jboss-logging-3.3.3.Final.jar
7f9c1e412000-7f9c1e416000 r--s 0001c000 08:02 31330046                   /root/.m2/repository/javax/xml/bind/jaxb-api/2.3.1/jaxb-api-2.3.1.jar
7f9c1e416000-7f9c1e4e0000 rw-p 00000000 00:00 0 
7f9c1e4e0000-7f9c1e4e1000 ---p 00000000 00:00 0 
7f9c1e4e1000-7f9c1e4e4000 ---p 00000000 00:00 0 
7f9c1e4e4000-7f9c1e5e5000 rw-p 00000000 00:00 0 
7f9c1e5e5000-7f9c1e5e7000 r--s 0000c000 08:02 32375725                   /root/.m2/repository/javax/activation/javax.activation-api/1.2.0/javax.activation-api-1.2.0.jar
7f9c1e5e7000-7f9c1e5e8000 r--s 00006000 08:02 32245175                   /root/.m2/repository/javax/transaction/javax.transaction-api/1.3/javax.transaction-api-1.3.jar
7f9c1e5e8000-7f9c1e5f1000 r--s 0005a000 08:02 31722998                   /root/.m2/repository/org/springframework/spring-jdbc/5.1.16.RELEASE/spring-jdbc-5.1.16.RELEASE.jar
7f9c1e5f1000-7f9c1e5f5000 r--s 00020000 08:02 32116724                   /root/.m2/repository/com/zaxxer/HikariCP/3.2.0/HikariCP-3.2.0.jar
7f9c1e5f5000-7f9c1e5f6000 r--s 00000000 08:02 31722996                   /root/.m2/repository/org/springframework/boot/spring-boot-starter-jdbc/2.1.15.RELEASE/spring-boot-starter-jdbc-2.1.15.RELEASE.jar
7f9c1e5f6000-7f9c1e5f7000 r--s 00000000 08:02 31722994                   /root/.m2/repository/org/springframework/boot/spring-boot-starter-data-jpa/2.1.15.RELEASE/spring-boot-starter-data-jpa-2.1.15.RELEASE.jar
7f9c1e5f7000-7f9c1e5ff000 rw-s 00000000 08:02 23332364                   /tmp/hsperfdata_root/8161
7f9c1e5ff000-7f9c1e600000 rw-p 00000000 00:00 0 
7f9c1e600000-7f9c1e601000 ---p 00000000 00:00 0 
7f9c1e601000-7f9c1e602000 r--p 00027000 08:02 7602367                    /lib/x86_64-linux-gnu/ld-2.27.so
7f9c1e602000-7f9c1e603000 rw-p 00028000 08:02 7602367                    /lib/x86_64-linux-gnu/ld-2.27.so
7f9c1e603000-7f9c1e604000 rw-p 00000000 00:00 0 
7fff124db000-7fff12500000 rw-p 00000000 00:00 0                          [stack]
7fff12531000-7fff12534000 r--p 00000000 00:00 0                          [vvar]
7fff12534000-7fff12536000 r-xp 00000000 00:00 0                          [vdso]
ffffffffff600000-ffffffffff601000 r-xp 00000000 00:00 0                  [vsyscall]

VM Arguments:
jvm_args: -ea -Dfile.encoding=UTF-8 
java_command: org.eclipse.jdt.internal.junit.runner.RemoteTestRunner -version 3 -port 38899 -testLoaderClass org.eclipse.jdt.internal.junit5.runner.JUnit5TestLoader -loaderpluginname org.eclipse.jdt.junit5.runtime -packageNameFile /tmp/packageNames3720788954519923700.txt
java_class_path (initial): /home/sundar/Downloads/WorkSpace/Ideas2IT/vital-trend-service/target/test-classes:/home/sundar/Downloads/WorkSpace/Ideas2IT/vital-trend-service/target/classes:/root/.m2/repository/org/springframework/boot/spring-boot-starter-data-jpa/2.1.15.RELEASE/spring-boot-starter-data-jpa-2.1.15.RELEASE.jar:/root/.m2/repository/org/springframework/boot/spring-boot-starter-jdbc/2.1.15.RELEASE/spring-boot-starter-jdbc-2.1.15.RELEASE.jar:/root/.m2/repository/com/zaxxer/HikariCP/3.2.0/HikariCP-3.2.0.jar:/root/.m2/repository/org/springframework/spring-jdbc/5.1.16.RELEASE/spring-jdbc-5.1.16.RELEASE.jar:/root/.m2/repository/javax/transaction/javax.transaction-api/1.3/javax.transaction-api-1.3.jar:/root/.m2/repository/javax/xml/bind/jaxb-api/2.3.1/jaxb-api-2.3.1.jar:/root/.m2/repository/javax/activation/javax.activation-api/1.2.0/javax.activation-api-1.2.0.jar:/root/.m2/repository/org/hibernate/hibernate-core/5.3.17.Final/hibernate-core-5.3.17.Final.jar:/root/.m2/repository/org/jboss/logging/jboss-logging/3.3.3.Final/jboss-logging-3.3.3.Final.jar:/root/.m2/repository/javax/persistence/javax.persistence-api/2.2/javax.persistence-api-2.2.jar:/root/.m2/repository/org/javassist/javassist/3.23.2-GA/javassist-3.23.2-GA.jar:/root/.m2/repository/net/bytebuddy/byte-buddy/1.9.16/byte-buddy-1.9.16.jar:/root/.m2/repository/antlr/antlr/2.7.7/antlr-2.7.7.jar:/root/.m2/repository/org/jboss/jandex/2.0.5.Final/jandex-2.0.5.Final.jar:/root/.m2/repository/org/dom4j/dom4j/2.1.3/dom4j-2.1.3.jar:/root/.m2/repository/org/hibernate/common/hibernate-commons-annotations/5.0.4.Final/hibernate-commons-annotations-5.0.4.Final.jar:/root/.m2/repository/org/glassfish/jaxb/jaxb-runtime/2.3.1/jaxb-runtime-2.3.1.jar:/root/.m2/repository/org/glassfish/jaxb/txw2/2.3.1/txw2-2.3.1.jar:/root/.m2/repository/com/sun/istack/istack-commons-runtime/3.0.7/istack-commons-runtime-3.0.7.jar:/root/.m2/repository/org/jvnet/staxex/stax-ex/1.8/stax-ex-1.8.jar:/root/.m2/repository/com/sun/xml/fastinfoset/FastI
Launcher Type: SUN_STANDARD

Environment Variables:
JAVA_HOME=/usr/lib/jvm/java-8-oracle
PATH=/usr/local/sbin:/usr/local/bin:/usr/sbin:/usr/bin:/sbin:/bin:/usr/games:/usr/local/games
USERNAME=root
SHELL=/bin/bash
DISPLAY=:0

Signal Handlers:
SIGSEGV: [libjvm.so+0xad3e60], sa_mask[0]=11111111011111111101111111111110, sa_flags=SA_RESTART|SA_SIGINFO
SIGBUS: [libjvm.so+0xad3e60], sa_mask[0]=11111111011111111101111111111110, sa_flags=SA_RESTART|SA_SIGINFO
SIGFPE: [libjvm.so+0x90b880], sa_mask[0]=11111111011111111101111111111110, sa_flags=SA_RESTART|SA_SIGINFO
SIGPIPE: [libjvm.so+0x90b880], sa_mask[0]=11111111011111111101111111111110, sa_flags=SA_RESTART|SA_SIGINFO
SIGXFSZ: [libjvm.so+0x90b880], sa_mask[0]=11111111011111111101111111111110, sa_flags=SA_RESTART|SA_SIGINFO
SIGILL: [libjvm.so+0x90b880], sa_mask[0]=11111111011111111101111111111110, sa_flags=SA_RESTART|SA_SIGINFO
SIGUSR1: SIG_DFL, sa_mask[0]=00000000000000000000000000000000, sa_flags=none
SIGUSR2: [libjvm.so+0x90b750], sa_mask[0]=00100000000000000000000000000000, sa_flags=SA_RESTART|SA_SIGINFO
SIGHUP: [libjvm.so+0x90bd70], sa_mask[0]=11111111011111111101111111111110, sa_flags=SA_RESTART|SA_SIGINFO
SIGINT: [libjvm.so+0x90bd70], sa_mask[0]=11111111011111111101111111111110, sa_flags=SA_RESTART|SA_SIGINFO
SIGTERM: [libjvm.so+0x90bd70], sa_mask[0]=11111111011111111101111111111110, sa_flags=SA_RESTART|SA_SIGINFO
SIGQUIT: [libjvm.so+0x90bd70], sa_mask[0]=11111111011111111101111111111110, sa_flags=SA_RESTART|SA_SIGINFO


---------------  S Y S T E M  ---------------

OS:DISTRIB_ID=Ubuntu
DISTRIB_RELEASE=18.04
DISTRIB_CODENAME=bionic
DISTRIB_DESCRIPTION="Ubuntu 18.04.4 LTS"

uname:Linux 4.15.0-109-generic #110-Ubuntu SMP Tue Jun 23 02:39:32 UTC 2020 x86_64
libc:glibc 2.27 NPTL 2.27 
rlimit: STACK 8192k, CORE 0k, NPROC 30075, NOFILE 1048576, AS infinity
load average:18.25 9.73 4.86

/proc/meminfo:
MemTotal:        7945868 kB
MemFree:          136816 kB
MemAvailable:      74952 kB
Buffers:            3340 kB
Cached:           711584 kB
SwapCached:         8564 kB
Active:          6266540 kB
Inactive:        1001564 kB
Active(anon):    6228792 kB
Inactive(anon):   965284 kB
Active(file):      37748 kB
Inactive(file):    36280 kB
Unevictable:         160 kB
Mlocked:             160 kB
SwapTotal:       2097148 kB
SwapFree:              0 kB
Dirty:               212 kB
Writeback:             0 kB
AnonPages:       6546640 kB
Mapped:           496840 kB
Shmem:            640596 kB
Slab:             239824 kB
SReclaimable:      84724 kB
SUnreclaim:       155100 kB
KernelStack:       35360 kB
PageTables:       130600 kB
NFS_Unstable:          0 kB
Bounce:                0 kB
WritebackTmp:          0 kB
CommitLimit:     6070080 kB
Committed_AS:   31448420 kB
VmallocTotal:   34359738367 kB
VmallocUsed:           0 kB
VmallocChunk:          0 kB
HardwareCorrupted:     0 kB
AnonHugePages:         0 kB
ShmemHugePages:        0 kB
ShmemPmdMapped:        0 kB
CmaTotal:              0 kB
CmaFree:               0 kB
HugePages_Total:       0
HugePages_Free:        0
HugePages_Rsvd:        0
HugePages_Surp:        0
Hugepagesize:       2048 kB
DirectMap4k:      597620 kB
DirectMap2M:     7567360 kB
DirectMap1G:     1048576 kB

container (cgroup) information:
container_type: cgroupv1
cpu_cpuset_cpus: 0-3
cpu_memory_nodes: 0
active_processor_count: 4
cpu_quota: -1
cpu_period: 100000
cpu_shares: -1
memory_limit_in_bytes: -1
memory_and_swap_limit_in_bytes: -2
memory_soft_limit_in_bytes: -1
memory_usage_in_bytes: 7473917952
memory_max_usage_in_bytes: 7499239424


CPU:total 4 (initial active 4) (2 cores per cpu, 2 threads per core) family 6 model 142 stepping 9, cmov, cx8, fxsr, mmx, sse, sse2, sse3, ssse3, sse4.1, sse4.2, popcnt, avx, avx2, aes, clmul, erms, 3dnowpref, lzcnt, ht, tsc, tscinvbit, bmi1, bmi2, adx

/proc/cpuinfo:
processor	: 0
vendor_id	: GenuineIntel
cpu family	: 6
model		: 142
model name	: Intel(R) Core(TM) i5-7200U CPU @ 2.50GHz
stepping	: 9
microcode	: 0xd6
cpu MHz		: 1027.713
cache size	: 3072 KB
physical id	: 0
siblings	: 4
core id		: 0
cpu cores	: 2
apicid		: 0
initial apicid	: 0
fpu		: yes
fpu_exception	: yes
cpuid level	: 22
wp		: yes
flags		: fpu vme de pse tsc msr pae mce cx8 apic sep mtrr pge mca cmov pat pse36 clflush dts acpi mmx fxsr sse sse2 ss ht tm pbe syscall nx pdpe1gb rdtscp lm constant_tsc art arch_perfmon pebs bts rep_good nopl xtopology nonstop_tsc cpuid aperfmperf pni pclmulqdq dtes64 monitor ds_cpl vmx est tm2 ssse3 sdbg fma cx16 xtpr pdcm pcid sse4_1 sse4_2 x2apic movbe popcnt tsc_deadline_timer aes xsave avx f16c rdrand lahf_lm abm 3dnowprefetch cpuid_fault invpcid_single pti ssbd ibrs ibpb stibp tpr_shadow vnmi flexpriority ept vpid fsgsbase tsc_adjust bmi1 avx2 smep bmi2 erms invpcid mpx rdseed adx smap clflushopt intel_pt xsaveopt xsavec xgetbv1 xsaves dtherm ida arat pln pts hwp hwp_notify hwp_act_window hwp_epp md_clear flush_l1d
bugs		: cpu_meltdown spectre_v1 spectre_v2 spec_store_bypass l1tf mds swapgs itlb_multihit srbds
bogomips	: 5399.81
clflush size	: 64
cache_alignment	: 64
address sizes	: 39 bits physical, 48 bits virtual
power management:

processor	: 1
vendor_id	: GenuineIntel
cpu family	: 6
model		: 142
model name	: Intel(R) Core(TM) i5-7200U CPU @ 2.50GHz
stepping	: 9
microcode	: 0xd6
cpu MHz		: 913.777
cache size	: 3072 KB
physical id	: 0
siblings	: 4
core id		: 1
cpu cores	: 2
apicid		: 2
initial apicid	: 2
fpu		: yes
fpu_exception	: yes
cpuid level	: 22
wp		: yes
flags		: fpu vme de pse tsc msr pae mce cx8 apic sep mtrr pge mca cmov pat pse36 clflush dts acpi mmx fxsr sse sse2 ss ht tm pbe syscall nx pdpe1gb rdtscp lm constant_tsc art arch_perfmon pebs bts rep_good nopl xtopology nonstop_tsc cpuid aperfmperf pni pclmulqdq dtes64 monitor ds_cpl vmx est tm2 ssse3 sdbg fma cx16 xtpr pdcm pcid sse4_1 sse4_2 x2apic movbe popcnt tsc_deadline_timer aes xsave avx f16c rdrand lahf_lm abm 3dnowprefetch cpuid_fault invpcid_single pti ssbd ibrs ibpb stibp tpr_shadow vnmi flexpriority ept vpid fsgsbase tsc_adjust bmi1 avx2 smep bmi2 erms invpcid mpx rdseed adx smap clflushopt intel_pt xsaveopt xsavec xgetbv1 xsaves dtherm ida arat pln pts hwp hwp_notify hwp_act_window hwp_epp md_clear flush_l1d
bugs		: cpu_meltdown spectre_v1 spectre_v2 spec_store_bypass l1tf mds swapgs itlb_multihit srbds
bogomips	: 5399.81
clflush size	: 64
cache_alignment	: 64
address sizes	: 39 bits physical, 48 bits virtual
power management:

processor	: 2
vendor_id	: GenuineIntel
cpu family	: 6
model		: 142
model name	: Intel(R) Core(TM) i5-7200U CPU @ 2.50GHz
stepping	: 9
microcode	: 0xd6
cpu MHz		: 1051.900
cache size	: 3072 KB
physical id	: 0
siblings	: 4
core id		: 0
cpu cores	: 2
apicid		: 1
initial apicid	: 1
fpu		: yes
fpu_exception	: yes
cpuid level	: 22
wp		: yes
flags		: fpu vme de pse tsc msr pae mce cx8 apic sep mtrr pge mca cmov pat pse36 clflush dts acpi mmx fxsr sse sse2 ss ht tm pbe syscall nx pdpe1gb rdtscp lm constant_tsc art arch_perfmon pebs bts rep_good nopl xtopology nonstop_tsc cpuid aperfmperf pni pclmulqdq dtes64 monitor ds_cpl vmx est tm2 ssse3 sdbg fma cx16 xtpr pdcm pcid sse4_1 sse4_2 x2apic movbe popcnt tsc_deadline_timer aes xsave avx f16c rdrand lahf_lm abm 3dnowprefetch cpuid_fault invpcid_single pti ssbd ibrs ibpb stibp tpr_shadow vnmi flexpriority ept vpid fsgsbase tsc_adjust bmi1 avx2 smep bmi2 erms invpcid mpx rdseed adx smap clflushopt intel_pt xsaveopt xsavec xgetbv1 xsaves dtherm ida arat pln pts hwp hwp_notify hwp_act_window hwp_epp md_clear flush_l1d
bugs		: cpu_meltdown spectre_v1 spectre_v2 spec_store_bypass l1tf mds swapgs itlb_multihit srbds
bogomips	: 5399.81
clflush size	: 64
cache_alignment	: 64
address sizes	: 39 bits physical, 48 bits virtual
power management:

processor	: 3
vendor_id	: GenuineIntel
cpu family	: 6
model		: 142
model name	: Intel(R) Core(TM) i5-7200U CPU @ 2.50GHz
stepping	: 9
microcode	: 0xd6
cpu MHz		: 984.242
cache size	: 3072 KB
physical id	: 0
siblings	: 4
core id		: 1
cpu cores	: 2
apicid		: 3
initial apicid	: 3
fpu		: yes
fpu_exception	: yes
cpuid level	: 22
wp		: yes
flags		: fpu vme de pse tsc msr pae mce cx8 apic sep mtrr pge mca cmov pat pse36 clflush dts acpi mmx fxsr sse sse2 ss ht tm pbe syscall nx pdpe1gb rdtscp lm constant_tsc art arch_perfmon pebs bts rep_good nopl xtopology nonstop_tsc cpuid aperfmperf pni pclmulqdq dtes64 monitor ds_cpl vmx est tm2 ssse3 sdbg fma cx16 xtpr pdcm pcid sse4_1 sse4_2 x2apic movbe popcnt tsc_deadline_timer aes xsave avx f16c rdrand lahf_lm abm 3dnowprefetch cpuid_fault invpcid_single pti ssbd ibrs ibpb stibp tpr_shadow vnmi flexpriority ept vpid fsgsbase tsc_adjust bmi1 avx2 smep bmi2 erms invpcid mpx rdseed adx smap clflushopt intel_pt xsaveopt xsavec xgetbv1 xsaves dtherm ida arat pln pts hwp hwp_notify hwp_act_window hwp_epp md_clear flush_l1d
bugs		: cpu_meltdown spectre_v1 spectre_v2 spec_store_bypass l1tf mds swapgs itlb_multihit srbds
bogomips	: 5399.81
clflush size	: 64
cache_alignment	: 64
address sizes	: 39 bits physical, 48 bits virtual
power management:



Memory: 4k page, physical 7945868k(145516k free), swap 2097148k(0k free)

vm_info: Java HotSpot(TM) 64-Bit Server VM (25.201-b09) for linux-amd64 JRE (1.8.0_201-b09), built on Dec 15 2018 11:35:59 by "java_re" with gcc 7.3.0

time: Thu Jul 16 15:53:16 2020
timezone: IST
elapsed time: 274 seconds (0d 0h 4m 34s)

